<?xml version="1.0" encoding="UTF-8" ?>
<testsuite tests="7" failures="0" name="runner.TestRunner" time="5.618" errors="0" skipped="0">
  <properties>
[...]
</properties>
  <testcase classname="Testing of the RESTful API&apos;s" name="Verify the get api for the products" time="1.815"/>
  <testcase classname="Testing of the RESTful API&apos;s" name="Verify the capacity of the first product is correct" time="1.257"/>
  <testcase classname="Testing of the RESTful API&apos;s" name="Validate post product api status code works correctly" time="0.791"/>
  <testcase classname="Testing of the RESTful API&apos;s" name="Validate post product api generate id works correctly" time="0.597"/>
  <testcase classname="Testing of the RESTful API&apos;s" name="Validate put product api status code works correctly" time="0.289"/>
  <testcase classname="Testing of the RESTful API&apos;s" name="Verify the device is updated" time="0.566"/>
  <testcase classname="Testing of the RESTful API&apos;s" name="Verify the Delete request API" time="0.303"/>
</testsuite>